0001	CITIZ153	05OCT	(23)
0002	CITIZ153	06OCT	(10)
0003	CITIZ153	07OCT	(1)
0004	PASS0134	20NOV	(6)
0005	PASS0134	23NOV	(47)
0006	PASS0134	25NOV	(5)
0007	VISA0115	14OCT	(8)
0008	VISA0115	15OCT	(3)
0009	VISA0115	16OCT	(6)
0010	LEGAL102	21SEP	(1)
0011	LEGAL102	22SEP	(0)
0012	LEGAL102	23SEP	(0)
ok
ok
error
error
23333333	0005	PASS0134	23NOV
23333333	0007	VISA0115	14OCT
0001	CITIZ153	05OCT	(23)
0002	CITIZ153	06OCT	(10)
0003	CITIZ153	07OCT	(1)
0004	PASS0134	20NOV	(6)
0005	PASS0134	23NOV	(46)
0006	PASS0134	25NOV	(5)
0007	VISA0115	14OCT	(7)
0008	VISA0115	15OCT	(3)
0009	VISA0115	16OCT	(6)
0010	LEGAL102	21SEP	(1)
0011	LEGAL102	22SEP	(0)
0012	LEGAL102	23SEP	(0)
